<?xml version="1.0" encoding="UTF-8"?>
<testng-results ignored="0" total="1" passed="1" failed="0" skipped="0">
  <reporter-output>
  </reporter-output>
  <suite started-at="2023-12-14T17:19:13 IST" name="Default suite" finished-at="2023-12-14T17:19:21 IST" duration-ms="7851">
    <groups>
    </groups>
    <test started-at="2023-12-14T17:19:13 IST" name="Default test" finished-at="2023-12-14T17:19:21 IST" duration-ms="7851">
      <class name="TESTNG.ActiRunner">
        <test-method is-config="true" signature="openAppln()[pri:0, instance:TESTNG.ActiRunner@41e1e210]" started-at="2023-12-14T17:19:13 IST" name="openAppln" finished-at="2023-12-14T17:19:19 IST" duration-ms="5787" status="PASS">
          <reporter-output>
          </reporter-output>
        </test-method> <!-- openAppln -->
        <test-method signature="validLogin()[pri:0, instance:TESTNG.ActiRunner@41e1e210]" started-at="2023-12-14T17:19:19 IST" name="validLogin" finished-at="2023-12-14T17:19:20 IST" duration-ms="1133" status="PASS">
          <reporter-output>
          </reporter-output>
        </test-method> <!-- validLogin -->
        <test-method is-config="true" signature="closeAppln()[pri:0, instance:TESTNG.ActiRunner@41e1e210]" started-at="2023-12-14T17:19:20 IST" name="closeAppln" finished-at="2023-12-14T17:19:21 IST" duration-ms="909" status="PASS">
          <reporter-output>
          </reporter-output>
        </test-method> <!-- closeAppln -->
      </class> <!-- TESTNG.ActiRunner -->
    </test> <!-- Default test -->
  </suite> <!-- Default suite -->
</testng-results>
